[2022-11-20 13:47:09,745] multiqc                                            [DEBUG  ]  This is MultiQC v1.13
[2022-11-20 13:47:09,747] multiqc                                            [DEBUG  ]  Loading config settings from: multiqc_config.yml
[2022-11-20 13:47:09,748] multiqc                                            [DEBUG  ]  New config: {'report_comment': 'This report has been generated by the <a href="https://github.com/nf-core/bentestcore" target="_blank">nf-core/bentestcore</a> analysis pipeline. For information about how to interpret these results, please see the <a href="https://nf-co.re/bentestcore" target="_blank">documentation</a>.\n', 'report_section_order': {'nf-core-bentestcore-methods-description': {'order': -1000}, 'software_versions': {'order': -1001}, 'nf-core-bentestcore-summary': {'order': -1002}}, 'export_plots': True}
[2022-11-20 13:47:09,749] multiqc                                            [DEBUG  ]  Loading config settings from: multiqc_config.yml
[2022-11-20 13:47:09,749] multiqc                                            [DEBUG  ]  New config: {'report_comment': 'This report has been generated by the <a href="https://github.com/nf-core/bentestcore" target="_blank">nf-core/bentestcore</a> analysis pipeline. For information about how to interpret these results, please see the <a href="https://nf-co.re/bentestcore" target="_blank">documentation</a>.\n', 'report_section_order': {'nf-core-bentestcore-methods-description': {'order': -1000}, 'software_versions': {'order': -1001}, 'nf-core-bentestcore-summary': {'order': -1002}}, 'export_plots': True}
[2022-11-20 13:47:09,749] multiqc                                            [DEBUG  ]  Command used: /usr/local/bin/multiqc --force --config multiqc_config.yml .
[2022-11-20 13:47:10,050] multiqc                                            [DEBUG  ]  Latest MultiQC version is v1.13
[2022-11-20 13:47:10,051] multiqc                                            [DEBUG  ]  Working dir : /workspace/bentestcore/work/8f/2f6952836d852fa84065cdf2b5cb42
[2022-11-20 13:47:10,051] multiqc                                            [DEBUG  ]  Template    : default
[2022-11-20 13:47:10,051] multiqc                                            [DEBUG  ]  Running Python 3.10.6 | packaged by conda-forge | (main, Aug 22 2022, 20:35:26) [GCC 10.4.0]
[2022-11-20 13:47:10,051] multiqc                                            [DEBUG  ]  Analysing modules: custom_content, ccs, ngsderive, purple, conpair, lima, peddy, somalier, methylQA, mosdepth, phantompeakqualtools, qualimap, preseq, quast, qorts, rna_seqc, rockhopper, rsem, rseqc, busco, bustools, goleft_indexcov, gffcompare, disambiguate, supernova, deeptools, sargasso, verifybamid, mirtrace, happy, mirtop, sambamba, homer, hops, macs2, theta2, snpeff, gatk, htseq, bcftools, featureCounts, fgbio, dragen, dedup, pbmarkdup, damageprofiler, biobambam2, jcvi, mtnucratio, picard, vep, sentieon, prokka, qc3C, nanostat, samblaster, samtools, sexdeterrmine, eigenstratdatabasetools, bamtools, jellyfish, vcftools, longranger, stacks, varscan2, snippy, bbmap, bismark, biscuit, hicexplorer, hicup, hicpro, salmon, kallisto, slamdunk, star, hisat2, tophat, bowtie2, bowtie1, snpsplit, odgi, pangolin, kat, leehom, adapterRemoval, clipandmerge, cutadapt, flexbar, kaiju, kraken, malt, trimmomatic, sickle, skewer, sortmerna, biobloomtools, fastq_screen, afterqc, fastp, fastqc, pychopper, pycoqc, minionqc, multivcfanalyzer, clusterflow, checkqc, bcl2fastq, bclconvert, interop, ivar, flash, seqyclean, optitype, whatshap
[2022-11-20 13:47:10,051] multiqc                                            [DEBUG  ]  Using temporary directory for creating report: /tmp/tmp6cutk7_a
[2022-11-20 13:47:10,269] multiqc                                            [INFO   ]  Search path : /workspace/bentestcore/work/8f/2f6952836d852fa84065cdf2b5cb42
[2022-11-20 13:47:10,435] multiqc                                            [DEBUG  ]  Summary of files that were skipped by the search: [skipped_module_specific_max_filesize: 18] // [skipped_no_match: 8]
[2022-11-20 13:47:11,344] multiqc.plots.bargraph                             [DEBUG  ]  Using matplotlib version 3.5.3
[2022-11-20 13:47:11,345] multiqc.plots.linegraph                            [DEBUG  ]  Using matplotlib version 3.5.3
[2022-11-20 13:47:11,357] multiqc.modules.custom_content.custom_content      [INFO   ]  nf-core-bentestcore-methods-description: Found 1 sample (html)
[2022-11-20 13:47:11,357] multiqc.modules.custom_content.custom_content      [INFO   ]  nf-core-bentestcore-summary: Found 1 sample (html)
[2022-11-20 13:47:11,357] multiqc.modules.custom_content.custom_content      [INFO   ]  software_versions: Found 1 sample (html)
[2022-11-20 13:47:11,375] multiqc.modules.cutadapt.cutadapt                  [INFO   ]  Found 6 reports
[2022-11-20 13:47:17,066] multiqc.modules.fastqc.fastqc                      [INFO   ]  Found 6 reports
[2022-11-20 13:47:31,986] multiqc                                            [DEBUG  ]  Reordering sections: anchor 'nf-core-bentestcore-methods-description' not found for module 'Cutadapt'.
[2022-11-20 13:47:31,987] multiqc                                            [DEBUG  ]  Reordering sections: anchor 'software_versions' not found for module 'Cutadapt'.
[2022-11-20 13:47:31,987] multiqc                                            [DEBUG  ]  Reordering sections: anchor 'nf-core-bentestcore-summary' not found for module 'Cutadapt'.
[2022-11-20 13:47:31,987] multiqc                                            [DEBUG  ]  Reordering sections: anchor 'nf-core-bentestcore-methods-description' not found for module 'FastQC'.
[2022-11-20 13:47:31,987] multiqc                                            [DEBUG  ]  Reordering sections: anchor 'software_versions' not found for module 'FastQC'.
[2022-11-20 13:47:31,987] multiqc                                            [DEBUG  ]  Reordering sections: anchor 'nf-core-bentestcore-summary' not found for module 'FastQC'.
[2022-11-20 13:47:31,987] multiqc                                            [DEBUG  ]  Reordering sections: anchor 'nf-core-bentestcore-methods-description' not found for module 'nf-core/bentestcore Methods Description'.
[2022-11-20 13:47:31,987] multiqc                                            [DEBUG  ]  Reordering sections: anchor 'software_versions' not found for module 'nf-core/bentestcore Methods Description'.
[2022-11-20 13:47:31,987] multiqc                                            [DEBUG  ]  Reordering sections: anchor 'nf-core-bentestcore-summary' not found for module 'nf-core/bentestcore Methods Description'.
[2022-11-20 13:47:31,987] multiqc                                            [DEBUG  ]  Reordering sections: anchor 'nf-core-bentestcore-methods-description' not found for module 'nf-core/bentestcore Software Versions'.
[2022-11-20 13:47:31,987] multiqc                                            [DEBUG  ]  Reordering sections: anchor 'software_versions' not found for module 'nf-core/bentestcore Software Versions'.
[2022-11-20 13:47:31,987] multiqc                                            [DEBUG  ]  Reordering sections: anchor 'nf-core-bentestcore-summary' not found for module 'nf-core/bentestcore Software Versions'.
[2022-11-20 13:47:31,987] multiqc                                            [DEBUG  ]  Reordering sections: anchor 'nf-core-bentestcore-methods-description' not found for module 'nf-core/bentestcore Workflow Summary'.
[2022-11-20 13:47:31,987] multiqc                                            [DEBUG  ]  Reordering sections: anchor 'software_versions' not found for module 'nf-core/bentestcore Workflow Summary'.
[2022-11-20 13:47:31,987] multiqc                                            [DEBUG  ]  Reordering sections: anchor 'nf-core-bentestcore-summary' not found for module 'nf-core/bentestcore Workflow Summary'.
[2022-11-20 13:47:31,999] multiqc                                            [INFO   ]  Compressing plot data
[2022-11-20 13:47:32,103] multiqc                                            [INFO   ]  Report      : multiqc_report.html
[2022-11-20 13:47:32,104] multiqc                                            [INFO   ]  Data        : multiqc_data
[2022-11-20 13:47:32,104] multiqc                                            [DEBUG  ]  Moving data file from '/tmp/tmp6cutk7_a/multiqc_data' to '/workspace/bentestcore/work/8f/2f6952836d852fa84065cdf2b5cb42/multiqc_data'
[2022-11-20 13:47:32,111] multiqc                                            [INFO   ]  Plots       : multiqc_plots
[2022-11-20 13:47:32,111] multiqc                                            [DEBUG  ]  Moving plots directory from '/tmp/tmp6cutk7_a/multiqc_plots' to '/workspace/bentestcore/work/8f/2f6952836d852fa84065cdf2b5cb42/multiqc_plots'
[2022-11-20 13:47:32,240] multiqc                                            [INFO   ]  MultiQC complete
